::1 - - [10/Mar/2014:16:21:47 +0100] "GET /sipcom/pages/index.php HTTP/1.1" 403 508 "-" "Mozilla/5.0 (X11; Linux i686; rv:24.0) Gecko/20140207 Firefox/24.0 Iceweasel/24.3.0"
::1 - - [10/Mar/2014:16:21:50 +0100] "GET /sipcom/pages/index.php HTTP/1.1" 403 507 "-" "Mozilla/5.0 (X11; Linux i686; rv:24.0) Gecko/20140207 Firefox/24.0 Iceweasel/24.3.0"
::1 - - [10/Mar/2014:16:21:52 +0100] "GET /sipcom/pages/index.php HTTP/1.1" 403 507 "-" "Mozilla/5.0 (X11; Linux i686; rv:24.0) Gecko/20140207 Firefox/24.0 Iceweasel/24.3.0"
::1 - - [10/Mar/2014:16:32:31 +0100] "GET /sipcom/pages/index.php HTTP/1.1" 403 508 "-" "Mozilla/5.0 (X11; Linux i686; rv:24.0) Gecko/20140207 Firefox/24.0 Iceweasel/24.3.0"
::1 - - [10/Mar/2014:16:32:32 +0100] "GET /sipcom/pages/index.php HTTP/1.1" 403 507 "-" "Mozilla/5.0 (X11; Linux i686; rv:24.0) Gecko/20140207 Firefox/24.0 Iceweasel/24.3.0"
::1 - - [10/Mar/2014:16:32:33 +0100] "GET /sipcom/pages/index.php HTTP/1.1" 403 507 "-" "Mozilla/5.0 (X11; Linux i686; rv:24.0) Gecko/20140207 Firefox/24.0 Iceweasel/24.3.0"
::1 - - [10/Mar/2014:16:32:34 +0100] "GET /sipcom/pages/index.php HTTP/1.1" 403 507 "-" "Mozilla/5.0 (X11; Linux i686; rv:24.0) Gecko/20140207 Firefox/24.0 Iceweasel/24.3.0"
::1 - - [10/Mar/2014:16:34:25 +0100] "GET /sipcom/pages/index.php HTTP/1.1" 404 507 "-" "Mozilla/5.0 (X11; Linux i686; rv:24.0) Gecko/20140207 Firefox/24.0 Iceweasel/24.3.0"
::1 - - [10/Mar/2014:16:35:42 +0100] "GET /sipcom/ HTTP/1.1" 404 496 "-" "Mozilla/5.0 (X11; Linux i686; rv:24.0) Gecko/20140207 Firefox/24.0 Iceweasel/24.3.0"
::1 - - [10/Mar/2014:16:41:20 +0100] "GET /sipcom/ HTTP/1.1" 404 496 "-" "Mozilla/5.0 (X11; Linux i686; rv:24.0) Gecko/20140207 Firefox/24.0 Iceweasel/24.3.0"
::1 - - [10/Mar/2014:16:41:21 +0100] "GET /sipcom/ HTTP/1.1" 404 495 "-" "Mozilla/5.0 (X11; Linux i686; rv:24.0) Gecko/20140207 Firefox/24.0 Iceweasel/24.3.0"
::1 - - [10/Mar/2014:16:41:23 +0100] "GET /sipcom/ HTTP/1.1" 404 495 "-" "Mozilla/5.0 (X11; Linux i686; rv:24.0) Gecko/20140207 Firefox/24.0 Iceweasel/24.3.0"
::1 - - [10/Mar/2014:16:41:32 +0100] "GET /sipcom/pages/index.php HTTP/1.1" 404 507 "-" "Mozilla/5.0 (X11; Linux i686; rv:24.0) Gecko/20140207 Firefox/24.0 Iceweasel/24.3.0"
::1 - - [10/Mar/2014:17:01:41 +0100] "GET /phpmyadmin/favicon.ico HTTP/1.1" 200 19212 "-" "Mozilla/5.0 (X11; Linux i686; rv:24.0) Gecko/20140207 Firefox/24.0 Iceweasel/24.3.0"
::1 - - [10/Mar/2014:17:02:52 +0100] "GET /sipcom/pages/index.php HTTP/1.1" 404 507 "-" "Mozilla/5.0 (X11; Linux i686; rv:24.0) Gecko/20140207 Firefox/24.0 Iceweasel/24.3.0"
::1 - - [10/Mar/2014:17:02:52 +0100] "GET /favicon.ico HTTP/1.1" 404 498 "-" "Mozilla/5.0 (X11; Linux i686; rv:24.0) Gecko/20140207 Firefox/24.0 Iceweasel/24.3.0"
::1 - - [10/Mar/2014:17:02:52 +0100] "GET /favicon.ico HTTP/1.1" 404 498 "-" "Mozilla/5.0 (X11; Linux i686; rv:24.0) Gecko/20140207 Firefox/24.0 Iceweasel/24.3.0"
::1 - - [10/Mar/2014:17:02:53 +0100] "GET /sipcom/pages/index.php HTTP/1.1" 404 506 "-" "Mozilla/5.0 (X11; Linux i686; rv:24.0) Gecko/20140207 Firefox/24.0 Iceweasel/24.3.0"
::1 - - [10/Mar/2014:17:03:37 +0100] "GET /sipcom/pages/index.php HTTP/1.1" 404 507 "-" "Mozilla/5.0 (X11; Linux i686; rv:24.0) Gecko/20140207 Firefox/24.0 Iceweasel/24.3.0"
::1 - - [10/Mar/2014:17:03:38 +0100] "GET /sipcom/pages/index.php HTTP/1.1" 404 506 "-" "Mozilla/5.0 (X11; Linux i686; rv:24.0) Gecko/20140207 Firefox/24.0 Iceweasel/24.3.0"
::1 - - [10/Mar/2014:17:07:51 +0100] "GET /sipcom/pages/index.php HTTP/1.1" 404 507 "-" "Mozilla/5.0 (X11; Linux i686; rv:24.0) Gecko/20140207 Firefox/24.0 Iceweasel/24.3.0"
::1 - - [10/Mar/2014:17:12:48 +0100] "GET /sipcom/pages/index.php HTTP/1.1" 404 507 "-" "Mozilla/5.0 (X11; Linux i686; rv:24.0) Gecko/20140207 Firefox/24.0 Iceweasel/24.3.0"
::1 - - [10/Mar/2014:17:12:49 +0100] "GET /sipcom/pages/index.php HTTP/1.1" 404 506 "-" "Mozilla/5.0 (X11; Linux i686; rv:24.0) Gecko/20140207 Firefox/24.0 Iceweasel/24.3.0"
::1 - - [10/Mar/2014:17:13:03 +0100] "GET /sipcom/pages/index.php HTTP/1.1" 404 507 "-" "Mozilla/5.0 (X11; Linux i686; rv:24.0) Gecko/20140207 Firefox/24.0 Iceweasel/24.3.0"
::1 - - [10/Mar/2014:17:13:04 +0100] "GET /sipcom/pages/index.php HTTP/1.1" 404 506 "-" "Mozilla/5.0 (X11; Linux i686; rv:24.0) Gecko/20140207 Firefox/24.0 Iceweasel/24.3.0"
::1 - - [10/Mar/2014:17:13:05 +0100] "GET /sipcom/pages/index.php HTTP/1.1" 404 506 "-" "Mozilla/5.0 (X11; Linux i686; rv:24.0) Gecko/20140207 Firefox/24.0 Iceweasel/24.3.0"
::1 - - [10/Mar/2014:17:16:06 +0100] "GET /sipcom/pages/index.php HTTP/1.1" 404 507 "-" "Mozilla/5.0 (X11; Linux i686; rv:24.0) Gecko/20140207 Firefox/24.0 Iceweasel/24.3.0"
::1 - - [10/Mar/2014:17:16:07 +0100] "GET /sipcom/pages/index.php HTTP/1.1" 404 506 "-" "Mozilla/5.0 (X11; Linux i686; rv:24.0) Gecko/20140207 Firefox/24.0 Iceweasel/24.3.0"
::1 - - [10/Mar/2014:17:19:32 +0100] "GET / HTTP/1.1" 200 446 "-" "Mozilla/5.0 (X11; Linux i686; rv:24.0) Gecko/20140207 Firefox/24.0 Iceweasel/24.3.0"
