[Mon Mar 10 16:21:47 2014] [crit] [client ::1] (13)Permission denied: /var/www/sipcom/.htaccess pcfg_openfile: unable to check htaccess file, ensure it is readable
[Mon Mar 10 16:21:50 2014] [crit] [client ::1] (13)Permission denied: /var/www/sipcom/.htaccess pcfg_openfile: unable to check htaccess file, ensure it is readable
[Mon Mar 10 16:21:52 2014] [crit] [client ::1] (13)Permission denied: /var/www/sipcom/.htaccess pcfg_openfile: unable to check htaccess file, ensure it is readable
[Mon Mar 10 16:32:31 2014] [crit] [client ::1] (13)Permission denied: /var/www/sipcom/.htaccess pcfg_openfile: unable to check htaccess file, ensure it is readable
[Mon Mar 10 16:32:32 2014] [crit] [client ::1] (13)Permission denied: /var/www/sipcom/.htaccess pcfg_openfile: unable to check htaccess file, ensure it is readable
[Mon Mar 10 16:32:33 2014] [crit] [client ::1] (13)Permission denied: /var/www/sipcom/.htaccess pcfg_openfile: unable to check htaccess file, ensure it is readable
[Mon Mar 10 16:32:34 2014] [crit] [client ::1] (13)Permission denied: /var/www/sipcom/.htaccess pcfg_openfile: unable to check htaccess file, ensure it is readable
[Mon Mar 10 16:34:25 2014] [error] [client ::1] File does not exist: /var/www/sipcom/pages/sipcom
[Mon Mar 10 16:35:42 2014] [error] [client ::1] File does not exist: /var/www/sipcom/pages/sipcom
[Mon Mar 10 16:41:20 2014] [error] [client ::1] File does not exist: /var/www/sipcom/pages/sipcom
[Mon Mar 10 16:41:21 2014] [error] [client ::1] File does not exist: /var/www/sipcom/pages/sipcom
[Mon Mar 10 16:41:23 2014] [error] [client ::1] File does not exist: /var/www/sipcom/pages/sipcom
[Mon Mar 10 16:41:32 2014] [error] [client ::1] File does not exist: /var/www/sipcom/pages/sipcom
[Mon Mar 10 17:02:52 2014] [error] [client ::1] File does not exist: /var/www/sipcom/pages/sipcom
[Mon Mar 10 17:02:52 2014] [error] [client ::1] File does not exist: /var/www/sipcom/pages/favicon.ico
[Mon Mar 10 17:02:52 2014] [error] [client ::1] File does not exist: /var/www/sipcom/pages/favicon.ico
[Mon Mar 10 17:02:53 2014] [error] [client ::1] File does not exist: /var/www/sipcom/pages/sipcom
[Mon Mar 10 17:03:37 2014] [error] [client ::1] File does not exist: /var/www/sipcom/pages/sipcom
[Mon Mar 10 17:03:38 2014] [error] [client ::1] File does not exist: /var/www/sipcom/pages/sipcom
[Mon Mar 10 17:07:51 2014] [error] [client ::1] File does not exist: /var/www/sipcom/pages/sipcom
[Mon Mar 10 17:12:48 2014] [error] [client ::1] File does not exist: /var/www/sipcom/pages/sipcom
[Mon Mar 10 17:12:49 2014] [error] [client ::1] File does not exist: /var/www/sipcom/pages/sipcom
[Mon Mar 10 17:13:03 2014] [error] [client ::1] File does not exist: /var/www/sipcom/pages/sipcom
[Mon Mar 10 17:13:04 2014] [error] [client ::1] File does not exist: /var/www/sipcom/pages/sipcom
[Mon Mar 10 17:13:05 2014] [error] [client ::1] File does not exist: /var/www/sipcom/pages/sipcom
[Mon Mar 10 17:16:06 2014] [error] [client ::1] File does not exist: /var/www/sipcom/pages/sipcom
[Mon Mar 10 17:16:07 2014] [error] [client ::1] File does not exist: /var/www/sipcom/pages/sipcom
[Mon Mar 10 17:19:32 2014] [error] [client ::1] PHP Notice:  Undefined offset: 4 in /var/www/sipcom/bll/Users.php on line 49
[Mon Mar 10 17:19:32 2014] [error] [client ::1] PHP Notice:  Undefined offset: 4 in /var/www/sipcom/bll/Users.php on line 50
[Mon Mar 10 17:19:32 2014] [error] [client ::1] PHP Notice:  Undefined offset: 4 in /var/www/sipcom/bll/Users.php on line 53
[Mon Mar 10 17:19:32 2014] [error] [client ::1] PHP Notice:  Undefined offset: 6 in /var/www/sipcom/bll/Users.php on line 54
[Mon Mar 10 17:19:32 2014] [error] [client ::1] PHP Notice:  Undefined offset: 9 in /var/www/sipcom/bll/Users.php on line 55
[Mon Mar 10 17:19:32 2014] [error] [client ::1] PHP Notice:  Undefined offset: 11 in /var/www/sipcom/bll/Users.php on line 56
[Mon Mar 10 17:19:32 2014] [error] [client ::1] PHP Notice:  Undefined variable: user_info in /var/www/sipcom/bll/Users.php on line 58
